<?xml version="1.0" encoding="UTF-8" standalone="no"?>
<!DOCTYPE log SYSTEM "logger.dtd">
<log>
<record>
  <date>2018-11-22T14:04:51.642-0300</date>
  <logger>SAMUEL PEREIRA DE VASCONCELOS</logger>
  <level>FINE</level>
  <message>File 117210707-SAMUEL PEREIRA DE VASCONCELOS.zip was received. It was sent by SAMUEL PEREIRA DE VASCONCELOS from IP 150.165.42.153</message>
</record>
</log>
<?xml version="1.0" encoding="UTF-8" standalone="no"?>
<!DOCTYPE log SYSTEM "logger.dtd">
<log>
<record>
  <date>2018-11-22T15:49:38.530-0300</date>
  <logger>SAMUEL PEREIRA DE VASCONCELOS</logger>
  <level>FINE</level>
  <message>File 117210707-SAMUEL PEREIRA DE VASCONCELOS.zip was received. It was sent by SAMUEL PEREIRA DE VASCONCELOS from IP 150.165.42.153</message>
</record>
</log>
<?xml version="1.0" encoding="UTF-8" standalone="no"?>
<!DOCTYPE log SYSTEM "logger.dtd">
<log>
<record>
  <date>2018-11-22T21:54:36.871-0300</date>
  <logger>SAMUEL PEREIRA DE VASCONCELOS</logger>
  <level>FINE</level>
  <message>File 117210707-SAMUEL PEREIRA DE VASCONCELOS.zip was received. It was sent by SAMUEL PEREIRA DE VASCONCELOS from IP 192.168.0.110</message>
</record>
</log>
<?xml version="1.0" encoding="UTF-8" standalone="no"?>
<!DOCTYPE log SYSTEM "logger.dtd">
<log>
<record>
  <date>2018-11-22T21:57:54.469-0300</date>
  <logger>SAMUEL PEREIRA DE VASCONCELOS</logger>
  <level>FINE</level>
  <message>File 117210707-SAMUEL PEREIRA DE VASCONCELOS.zip was received. It was sent by SAMUEL PEREIRA DE VASCONCELOS from IP 192.168.0.110</message>
</record>
</log>
<?xml version="1.0" encoding="UTF-8" standalone="no"?>
<!DOCTYPE log SYSTEM "logger.dtd">
<log>
<record>
  <date>2018-11-22T21:58:20.585-0300</date>
  <logger>SAMUEL PEREIRA DE VASCONCELOS</logger>
  <level>FINE</level>
  <message>File 117210707-SAMUEL PEREIRA DE VASCONCELOS.zip was received. It was sent by SAMUEL PEREIRA DE VASCONCELOS from IP 192.168.0.110</message>
</record>
</log>
<?xml version="1.0" encoding="UTF-8" standalone="no"?>
<!DOCTYPE log SYSTEM "logger.dtd">
<log>
<record>
  <date>2018-11-22T21:58:59.036-0300</date>
  <logger>SAMUEL PEREIRA DE VASCONCELOS</logger>
  <level>FINE</level>
  <message>File 117210707-SAMUEL PEREIRA DE VASCONCELOS.zip was received. It was sent by SAMUEL PEREIRA DE VASCONCELOS from IP 192.168.0.110</message>
</record>
